2020-04-21 16:55:39 ERROR JsonParser:172 - 401359263: Invalid Key value search 'aaw, MasterTemplate'  null
2020-04-21 16:55:39 INFO  Action:512 - 401359263: Message received acknowledgement for job id  '951b9657-80bd-4d4d-b9be-767d9e98cd2b' 
2020-04-21 16:55:40 INFO  Action:42 - 401359263: Illustrator activated to load file..
2020-04-21 16:56:12 INFO  Action:48 - 401359263: AI file and other dependend file opening..
2020-04-21 16:56:18 INFO  Action:80 - 401359263: TyphoonShadow called
2020-04-21 17:13:50 INFO  Action:208 - 401359263: Pdf and xml generated..
2020-04-21 17:13:58 INFO  Action:217 - 401359263: Completed process for job id  '951b9657-80bd-4d4d-b9be-767d9e98cd2b' 
2020-04-21 17:14:00 INFO  Action:550 - 401359263: Before calling update to server post method
2020-04-21 17:14:00 ERROR Action:591 - 401359263: XML compare API response : 500
2020-04-21 17:14:00 INFO  Action:221 - 401359263: Xml comparision completed..
2020-04-21 17:26:25 INFO  MQRcv:78 - TestRR:TestRRDivision
2020-04-21 17:26:25 INFO  MQRcv:83 -  [*] Waiting for messages. To exit press CTRL+C
2020-04-21 17:26:27 ERROR JsonParser:172 - 401359263: Invalid Key value search 'aaw, MasterTemplate'  null
2020-04-21 17:26:27 INFO  Action:512 - 401359263: Message received acknowledgement for job id  '98a3b29b-ea86-4058-bc1f-14fcbf15bfb2' 
2020-04-21 17:26:31 INFO  Action:42 - 401359263: Illustrator activated to load file..
2020-04-21 17:26:40 INFO  Action:48 - 401359263: AI file and other dependend file opening..
2020-04-21 17:26:44 INFO  Action:80 - 401359263: TyphoonShadow called
2020-04-21 17:26:59 INFO  Action:208 - 401359263: Pdf and xml generated..
2020-04-21 17:27:07 INFO  Action:217 - 401359263: Completed process for job id  '98a3b29b-ea86-4058-bc1f-14fcbf15bfb2' 
2020-04-21 17:27:08 INFO  Action:550 - 401359263: Before calling update to server post method
2020-04-21 17:27:08 ERROR Action:591 - 401359263: XML compare API response : 500
2020-04-21 17:27:08 INFO  Action:221 - 401359263: Xml comparision completed..
2020-04-21 17:28:39 INFO  MQRcv:78 - TestRR:TestRRDivision
2020-04-21 17:28:39 INFO  MQRcv:83 -  [*] Waiting for messages. To exit press CTRL+C
2020-04-21 17:28:47 ERROR JsonParser:172 - 401359263: Invalid Key value search 'aaw, MasterTemplate'  null
2020-04-21 17:28:48 INFO  Action:512 - 401359263: Message received acknowledgement for job id  '9f40078e-1759-4baa-ada6-3e85b6c4606f' 
2020-04-21 17:28:48 INFO  Action:42 - 401359263: Illustrator activated to load file..
2020-04-21 17:28:57 INFO  Action:48 - 401359263: AI file and other dependend file opening..
2020-04-21 17:29:02 INFO  Action:80 - 401359263: TyphoonShadow called
2020-04-21 17:29:23 INFO  Action:208 - 401359263: Pdf and xml generated..
2020-04-21 17:29:31 INFO  Action:217 - 401359263: Completed process for job id  '9f40078e-1759-4baa-ada6-3e85b6c4606f' 
2020-04-21 17:29:32 INFO  Action:550 - 401359263: Before calling update to server post method
2020-04-21 17:29:33 ERROR Action:591 - 401359263: XML compare API response : 500
2020-04-21 17:29:33 INFO  Action:221 - 401359263: Xml comparision completed..
2020-04-21 17:32:01 INFO  MQRcv:78 - TestRR:TestRRDivision
2020-04-21 17:32:01 INFO  MQRcv:83 -  [*] Waiting for messages. To exit press CTRL+C
2020-04-21 17:32:16 ERROR JsonParser:172 - 401359263: Invalid Key value search 'aaw, MasterTemplate'  null
2020-04-21 17:32:16 INFO  Action:512 - 401359263: Message received acknowledgement for job id  '85e0b8f8-e037-482c-96ed-683d4cc695c4' 
2020-04-21 17:32:17 INFO  Action:42 - 401359263: Illustrator activated to load file..
2020-04-21 17:32:26 INFO  Action:48 - 401359263: AI file and other dependend file opening..
2020-04-21 17:32:38 INFO  Action:80 - 401359263: TyphoonShadow called
2020-04-21 17:32:57 INFO  Action:208 - 401359263: Pdf and xml generated..
2020-04-21 17:33:06 INFO  Action:217 - 401359263: Completed process for job id  '85e0b8f8-e037-482c-96ed-683d4cc695c4' 
2020-04-21 17:33:07 INFO  Action:550 - 401359263: Before calling update to server post method
2020-04-21 17:33:07 ERROR Action:591 - 401359263: XML compare API response : 500
2020-04-21 17:33:07 INFO  Action:221 - 401359263: Xml comparision completed..
2020-04-21 17:34:09 INFO  MQRcv:78 - TestRR:TestRRDivision
2020-04-21 17:34:09 INFO  MQRcv:83 -  [*] Waiting for messages. To exit press CTRL+C
2020-04-21 17:34:32 ERROR JsonParser:172 - 401359263: Invalid Key value search 'aaw, MasterTemplate'  null
2020-04-21 17:34:32 INFO  Action:512 - 401359263: Message received acknowledgement for job id  'cf844e42-e01f-42fa-b9af-e7b226dcdc82' 
2020-04-21 17:34:33 INFO  Action:42 - 401359263: Illustrator activated to load file..
2020-04-21 17:34:42 INFO  Action:48 - 401359263: AI file and other dependend file opening..
2020-04-21 17:34:47 INFO  Action:80 - 401359263: TyphoonShadow called
2020-04-21 17:35:02 INFO  Action:208 - 401359263: Pdf and xml generated..
2020-04-21 17:35:11 INFO  Action:217 - 401359263: Completed process for job id  'cf844e42-e01f-42fa-b9af-e7b226dcdc82' 
2020-04-21 17:35:12 INFO  Action:550 - 401359263: Before calling update to server post method
2020-04-21 17:35:12 ERROR Action:591 - 401359263: XML compare API response : 500
2020-04-21 17:35:12 INFO  Action:221 - 401359263: Xml comparision completed..
2020-04-21 17:35:54 INFO  MQRcv:78 - TestRR:TestRRDivision
2020-04-21 17:35:54 INFO  MQRcv:83 -  [*] Waiting for messages. To exit press CTRL+C
2020-04-21 17:35:58 ERROR JsonParser:172 - 401359263: Invalid Key value search 'aaw, MasterTemplate'  null
2020-04-21 17:35:58 INFO  Action:512 - 401359263: Message received acknowledgement for job id  'd91c6354-cc56-45c1-a6e6-a113194cb396' 
2020-04-21 17:35:59 INFO  Action:42 - 401359263: Illustrator activated to load file..
2020-04-21 17:36:12 INFO  Action:48 - 401359263: AI file and other dependend file opening..
2020-04-21 17:36:27 INFO  Action:80 - 401359263: TyphoonShadow called
2020-04-21 17:36:54 INFO  Action:208 - 401359263: Pdf and xml generated..
2020-04-21 17:37:02 INFO  Action:217 - 401359263: Completed process for job id  'd91c6354-cc56-45c1-a6e6-a113194cb396' 
2020-04-21 17:37:03 INFO  Action:550 - 401359263: Before calling update to server post method
2020-04-21 17:37:03 ERROR Action:591 - 401359263: XML compare API response : 500
2020-04-21 17:37:03 INFO  Action:221 - 401359263: Xml comparision completed..
2020-04-21 17:38:14 INFO  MQRcv:78 - TestRR:TestRRDivision
2020-04-21 17:38:14 INFO  MQRcv:83 -  [*] Waiting for messages. To exit press CTRL+C
2020-04-21 17:42:29 INFO  MQRcv:78 - TestRR:TestRRDivision
2020-04-21 17:42:30 INFO  MQRcv:83 -  [*] Waiting for messages. To exit press CTRL+C
2020-04-21 17:42:34 ERROR JsonParser:172 - 401359263: Invalid Key value search 'aaw, MasterTemplate'  null
2020-04-21 17:42:34 INFO  Action:512 - 401359263: Message received acknowledgement for job id  'e522f718-29bc-4283-a08a-99680d4ebfa2' 
2020-04-21 17:42:35 INFO  Action:42 - 401359263: Illustrator activated to load file..
2020-04-21 17:42:43 INFO  Action:48 - 401359263: AI file and other dependend file opening..
2020-04-21 17:42:48 INFO  Action:80 - 401359263: TyphoonShadow called
2020-04-21 17:43:03 INFO  Action:208 - 401359263: Pdf and xml generated..
2020-04-21 17:43:11 INFO  Action:217 - 401359263: Completed process for job id  'e522f718-29bc-4283-a08a-99680d4ebfa2' 
2020-04-21 17:43:13 INFO  Action:550 - 401359263: Before calling update to server post method
2020-04-21 17:43:13 ERROR Action:591 - 401359263: XML compare API response : 500
2020-04-21 17:43:13 INFO  Action:221 - 401359263: Xml comparision completed..
2020-04-21 17:43:53 ERROR JsonParser:172 - 401359263: Invalid Key value search 'aaw, MasterTemplate'  null
2020-04-21 17:43:53 INFO  Action:512 - 401359263: Message received acknowledgement for job id  'f474e40d-1f22-4763-902f-71db3ce017ee' 
2020-04-21 17:43:53 INFO  Action:42 - 401359263: Illustrator activated to load file..
2020-04-21 17:44:02 INFO  Action:48 - 401359263: AI file and other dependend file opening..
2020-04-21 17:44:06 INFO  Action:80 - 401359263: TyphoonShadow called
2020-04-21 17:44:17 INFO  Action:208 - 401359263: Pdf and xml generated..
2020-04-21 17:44:26 INFO  Action:217 - 401359263: Completed process for job id  'f474e40d-1f22-4763-902f-71db3ce017ee' 
2020-04-21 17:44:27 INFO  Action:550 - 401359263: Before calling update to server post method
2020-04-21 17:44:27 ERROR Action:591 - 401359263: XML compare API response : 500
2020-04-21 17:44:27 INFO  Action:221 - 401359263: Xml comparision completed..
2020-04-21 17:49:21 ERROR JsonParser:172 - 401359263: Invalid Key value search 'aaw, MasterTemplate'  null
2020-04-21 17:49:21 INFO  Action:512 - 401359263: Message received acknowledgement for job id  '731057bf-19f6-4a53-aa3b-baf87057e529' 
2020-04-21 17:49:21 INFO  Action:42 - 401359263: Illustrator activated to load file..
2020-04-21 17:49:30 INFO  Action:48 - 401359263: AI file and other dependend file opening..
2020-04-21 17:49:34 INFO  Action:80 - 401359263: TyphoonShadow called
2020-04-21 17:49:46 INFO  Action:208 - 401359263: Pdf and xml generated..
2020-04-21 17:49:55 INFO  Action:217 - 401359263: Completed process for job id  '731057bf-19f6-4a53-aa3b-baf87057e529' 
2020-04-21 17:49:56 INFO  Action:550 - 401359263: Before calling update to server post method
2020-04-21 17:49:56 ERROR Action:591 - 401359263: XML compare API response : 500
2020-04-21 17:49:56 INFO  Action:221 - 401359263: Xml comparision completed..
2020-04-21 17:52:56 ERROR JsonParser:172 - 401359263: Invalid Key value search 'aaw, MasterTemplate'  null
2020-04-21 17:52:56 INFO  Action:512 - 401359263: Message received acknowledgement for job id  'f678529b-0ee9-49ef-a13b-b657a51b7042' 
2020-04-21 17:52:57 INFO  Action:42 - 401359263: Illustrator activated to load file..
2020-04-21 17:53:06 INFO  Action:48 - 401359263: AI file and other dependend file opening..
2020-04-21 17:53:10 INFO  Action:80 - 401359263: TyphoonShadow called
2020-04-21 17:53:22 INFO  Action:208 - 401359263: Pdf and xml generated..
2020-04-21 17:53:31 INFO  Action:217 - 401359263: Completed process for job id  'f678529b-0ee9-49ef-a13b-b657a51b7042' 
2020-04-21 17:53:32 INFO  Action:550 - 401359263: Before calling update to server post method
2020-04-21 17:53:32 ERROR Action:591 - 401359263: XML compare API response : 500
2020-04-21 17:53:32 INFO  Action:221 - 401359263: Xml comparision completed..
2020-04-21 17:56:13 ERROR JsonParser:172 - 401359263: Invalid Key value search 'aaw, MasterTemplate'  null
2020-04-21 17:56:14 INFO  Action:512 - 401359263: Message received acknowledgement for job id  '0f088c5a-975a-4fd8-8e71-15ac5f92a9e4' 
2020-04-21 17:56:14 INFO  Action:42 - 401359263: Illustrator activated to load file..
2020-04-21 17:56:23 INFO  Action:48 - 401359263: AI file and other dependend file opening..
2020-04-21 17:56:29 INFO  Action:80 - 401359263: TyphoonShadow called
2020-04-21 17:56:41 INFO  Action:208 - 401359263: Pdf and xml generated..
2020-04-21 17:56:49 INFO  Action:217 - 401359263: Completed process for job id  '0f088c5a-975a-4fd8-8e71-15ac5f92a9e4' 
2020-04-21 17:56:50 INFO  Action:550 - 401359263: Before calling update to server post method
2020-04-21 17:56:51 ERROR Action:591 - 401359263: XML compare API response : 500
2020-04-21 17:56:51 INFO  Action:221 - 401359263: Xml comparision completed..
2020-04-21 17:58:39 ERROR JsonParser:172 - 401359263: Invalid Key value search 'aaw, MasterTemplate'  null
2020-04-21 17:58:39 INFO  Action:512 - 401359263: Message received acknowledgement for job id  'fff2fb51-16f3-4417-ba52-2e33f72f4d71' 
2020-04-21 17:58:39 INFO  Action:42 - 401359263: Illustrator activated to load file..
2020-04-21 17:58:49 INFO  Action:48 - 401359263: AI file and other dependend file opening..
2020-04-21 17:58:58 INFO  Action:80 - 401359263: TyphoonShadow called
2020-04-21 17:59:11 INFO  Action:208 - 401359263: Pdf and xml generated..
2020-04-21 17:59:20 INFO  Action:217 - 401359263: Completed process for job id  'fff2fb51-16f3-4417-ba52-2e33f72f4d71' 
2020-04-21 17:59:21 INFO  Action:550 - 401359263: Before calling update to server post method
2020-04-21 17:59:21 ERROR Action:591 - 401359263: XML compare API response : 500
2020-04-21 17:59:21 INFO  Action:221 - 401359263: Xml comparision completed..
2020-04-21 18:01:43 ERROR JsonParser:172 - 401359263: Invalid Key value search 'aaw, MasterTemplate'  null
2020-04-21 18:01:43 INFO  Action:512 - 401359263: Message received acknowledgement for job id  '9758450f-cf37-4b1c-a3d7-0c7e06330a75' 
2020-04-21 18:01:43 INFO  Action:42 - 401359263: Illustrator activated to load file..
2020-04-21 18:01:56 INFO  Action:48 - 401359263: AI file and other dependend file opening..
2020-04-21 18:02:02 INFO  Action:80 - 401359263: TyphoonShadow called
2020-04-21 18:02:14 INFO  Action:208 - 401359263: Pdf and xml generated..
2020-04-21 18:02:22 INFO  Action:217 - 401359263: Completed process for job id  '9758450f-cf37-4b1c-a3d7-0c7e06330a75' 
2020-04-21 18:02:23 INFO  Action:550 - 401359263: Before calling update to server post method
2020-04-21 18:02:23 ERROR Action:591 - 401359263: XML compare API response : 500
2020-04-21 18:02:23 INFO  Action:221 - 401359263: Xml comparision completed..
2020-04-21 18:04:54 ERROR JsonParser:172 - 401359263: Invalid Key value search 'aaw, MasterTemplate'  null
2020-04-21 18:04:55 INFO  Action:512 - 401359263: Message received acknowledgement for job id  '95f16766-9697-4e1f-a55e-da27a5e1ea9c' 
2020-04-21 18:04:55 INFO  Action:42 - 401359263: Illustrator activated to load file..
2020-04-21 18:05:04 INFO  Action:48 - 401359263: AI file and other dependend file opening..
2020-04-21 18:05:10 INFO  Action:80 - 401359263: TyphoonShadow called
2020-04-21 18:05:22 INFO  Action:208 - 401359263: Pdf and xml generated..
2020-04-21 18:05:30 INFO  Action:217 - 401359263: Completed process for job id  '95f16766-9697-4e1f-a55e-da27a5e1ea9c' 
2020-04-21 18:05:31 INFO  Action:550 - 401359263: Before calling update to server post method
2020-04-21 18:05:31 ERROR Action:591 - 401359263: XML compare API response : 500
2020-04-21 18:05:31 INFO  Action:221 - 401359263: Xml comparision completed..
2020-04-21 18:10:12 ERROR JsonParser:172 - 401359263: Invalid Key value search 'aaw, MasterTemplate'  null
2020-04-21 18:10:13 INFO  Action:512 - 401359263: Message received acknowledgement for job id  '94ca9c16-038c-475c-b9f4-e718b2a2fb13' 
2020-04-21 18:10:13 INFO  Action:42 - 401359263: Illustrator activated to load file..
2020-04-21 18:10:26 INFO  Action:48 - 401359263: AI file and other dependend file opening..
2020-04-21 18:10:39 INFO  Action:80 - 401359263: TyphoonShadow called
2020-04-21 18:10:55 INFO  Action:208 - 401359263: Pdf and xml generated..
2020-04-21 18:11:03 INFO  Action:217 - 401359263: Completed process for job id  '94ca9c16-038c-475c-b9f4-e718b2a2fb13' 
2020-04-21 18:11:04 INFO  Action:550 - 401359263: Before calling update to server post method
2020-04-21 18:11:04 ERROR Action:591 - 401359263: XML compare API response : 500
2020-04-21 18:11:04 INFO  Action:221 - 401359263: Xml comparision completed..
2020-04-21 18:15:37 ERROR JsonParser:172 - 401359263: Invalid Key value search 'aaw, MasterTemplate'  null
2020-04-21 18:15:38 INFO  Action:512 - 401359263: Message received acknowledgement for job id  'd9c0415b-21f1-41c5-a6db-4468d5ff94f3' 
2020-04-21 18:15:38 INFO  Action:42 - 401359263: Illustrator activated to load file..
2020-04-21 18:15:52 INFO  Action:48 - 401359263: AI file and other dependend file opening..
2020-04-21 18:17:01 INFO  Action:80 - 401359263: TyphoonShadow called
2020-04-21 18:17:18 INFO  Action:208 - 401359263: Pdf and xml generated..
2020-04-21 18:17:26 INFO  Action:217 - 401359263: Completed process for job id  'd9c0415b-21f1-41c5-a6db-4468d5ff94f3' 
2020-04-21 18:17:27 INFO  Action:550 - 401359263: Before calling update to server post method
2020-04-21 18:17:27 ERROR Action:591 - 401359263: XML compare API response : 500
2020-04-21 18:17:27 INFO  Action:221 - 401359263: Xml comparision completed..
2020-04-21 18:28:16 ERROR JsonParser:172 - 401359263: Invalid Key value search 'aaw, MasterTemplate'  null
2020-04-21 18:28:17 INFO  Action:512 - 401359263: Message received acknowledgement for job id  '61016fbd-380a-4570-b224-44cb640205f3' 
2020-04-21 18:28:17 INFO  Action:42 - 401359263: Illustrator activated to load file..
2020-04-21 18:28:25 INFO  Action:48 - 401359263: AI file and other dependend file opening..
2020-04-21 18:29:09 INFO  Action:80 - 401359263: TyphoonShadow called
2020-04-21 18:29:20 INFO  Action:208 - 401359263: Pdf and xml generated..
2020-04-21 18:29:32 INFO  Action:217 - 401359263: Completed process for job id  '61016fbd-380a-4570-b224-44cb640205f3' 
2020-04-21 18:29:33 INFO  Action:550 - 401359263: Before calling update to server post method
2020-04-21 18:29:34 ERROR Action:591 - 401359263: XML compare API response : 500
2020-04-21 18:29:34 INFO  Action:221 - 401359263: Xml comparision completed..
2020-04-21 18:30:29 ERROR JsonParser:172 - 401359263: Invalid Key value search 'aaw, MasterTemplate'  null
2020-04-21 18:30:29 INFO  Action:512 - 401359263: Message received acknowledgement for job id  'aa75b88c-ac3d-4e66-9ddb-49e428d9d84d' 
2020-04-21 18:30:29 INFO  Action:42 - 401359263: Illustrator activated to load file..
2020-04-21 18:30:37 INFO  Action:48 - 401359263: AI file and other dependend file opening..
2020-04-21 18:30:50 INFO  Action:80 - 401359263: TyphoonShadow called
2020-04-21 18:30:52 INFO  Action:208 - 401359263: Pdf and xml generated..
2020-04-21 18:31:01 INFO  Action:217 - 401359263: Completed process for job id  'aa75b88c-ac3d-4e66-9ddb-49e428d9d84d' 
2020-04-21 18:31:02 INFO  Action:550 - 401359263: Before calling update to server post method
2020-04-21 18:31:02 ERROR Action:591 - 401359263: XML compare API response : 500
2020-04-21 18:31:02 INFO  Action:221 - 401359263: Xml comparision completed..
2020-04-21 18:31:47 ERROR JsonParser:172 - 401359263: Invalid Key value search 'aaw, MasterTemplate'  null
2020-04-21 18:31:47 INFO  Action:512 - 401359263: Message received acknowledgement for job id  '713beb29-6492-47fa-9d0c-45f9c49da77c' 
2020-04-21 18:31:48 INFO  Action:42 - 401359263: Illustrator activated to load file..
2020-04-21 18:31:55 INFO  Action:48 - 401359263: AI file and other dependend file opening..
2020-04-21 18:32:02 INFO  Action:80 - 401359263: TyphoonShadow called
2020-04-21 18:32:04 INFO  Action:208 - 401359263: Pdf and xml generated..
2020-04-21 18:32:13 INFO  Action:217 - 401359263: Completed process for job id  '713beb29-6492-47fa-9d0c-45f9c49da77c' 
2020-04-21 18:32:14 INFO  Action:550 - 401359263: Before calling update to server post method
2020-04-21 18:32:14 ERROR Action:591 - 401359263: XML compare API response : 500
2020-04-21 18:32:14 INFO  Action:221 - 401359263: Xml comparision completed..
2020-04-21 18:34:14 ERROR JsonParser:172 - 401359263: Invalid Key value search 'aaw, MasterTemplate'  null
2020-04-21 18:34:15 INFO  Action:512 - 401359263: Message received acknowledgement for job id  '38ee2da0-f7fa-4a6d-8156-92cb188b24a9' 
2020-04-21 18:34:15 INFO  Action:42 - 401359263: Illustrator activated to load file..
2020-04-21 18:34:24 INFO  Action:48 - 401359263: AI file and other dependend file opening..
2020-04-21 18:35:13 INFO  Action:80 - 401359263: TyphoonShadow called
2020-04-21 18:35:18 INFO  Action:208 - 401359263: Pdf and xml generated..
2020-04-21 18:35:27 INFO  Action:217 - 401359263: Completed process for job id  '38ee2da0-f7fa-4a6d-8156-92cb188b24a9' 
2020-04-21 18:35:28 INFO  Action:550 - 401359263: Before calling update to server post method
2020-04-21 18:35:28 ERROR Action:591 - 401359263: XML compare API response : 500
2020-04-21 18:35:28 INFO  Action:221 - 401359263: Xml comparision completed..
2020-04-21 18:37:04 ERROR JsonParser:172 - 401359263: Invalid Key value search 'aaw, MasterTemplate'  null
2020-04-21 18:37:05 INFO  Action:512 - 401359263: Message received acknowledgement for job id  '7b6e616c-798e-41d4-8845-34b07735d1f8' 
2020-04-21 18:37:05 INFO  Action:42 - 401359263: Illustrator activated to load file..
2020-04-21 18:37:13 INFO  Action:48 - 401359263: AI file and other dependend file opening..
2020-04-21 18:37:16 INFO  Action:80 - 401359263: TyphoonShadow called
2020-04-21 18:37:18 INFO  Action:208 - 401359263: Pdf and xml generated..
2020-04-21 18:37:26 INFO  Action:217 - 401359263: Completed process for job id  '7b6e616c-798e-41d4-8845-34b07735d1f8' 
2020-04-21 18:37:27 INFO  Action:550 - 401359263: Before calling update to server post method
2020-04-21 18:37:28 ERROR Action:591 - 401359263: XML compare API response : 500
2020-04-21 18:37:28 INFO  Action:221 - 401359263: Xml comparision completed..
2020-04-21 18:41:19 ERROR JsonParser:172 - 401359263: Invalid Key value search 'aaw, MasterTemplate'  null
2020-04-21 18:41:19 INFO  Action:512 - 401359263: Message received acknowledgement for job id  '2712b046-cdbc-4b09-a7c7-5ff67ecd0457' 
2020-04-21 18:41:19 INFO  Action:42 - 401359263: Illustrator activated to load file..
2020-04-21 18:41:34 INFO  Action:48 - 401359263: AI file and other dependend file opening..
2020-04-21 18:49:09 INFO  Action:80 - 401359263: TyphoonShadow called
2020-04-21 18:49:14 INFO  Action:208 - 401359263: Pdf and xml generated..
2020-04-21 18:49:22 INFO  Action:217 - 401359263: Completed process for job id  '2712b046-cdbc-4b09-a7c7-5ff67ecd0457' 
2020-04-21 18:49:23 INFO  Action:550 - 401359263: Before calling update to server post method
2020-04-21 18:49:23 ERROR Action:591 - 401359263: XML compare API response : 500
2020-04-21 18:49:23 INFO  Action:221 - 401359263: Xml comparision completed..
2020-04-21 18:51:17 ERROR JsonParser:172 - 401359263: Invalid Key value search 'aaw, MasterTemplate'  null
2020-04-21 18:51:17 INFO  Action:512 - 401359263: Message received acknowledgement for job id  '007a9aeb-b687-4393-997d-a488029ece1b' 
2020-04-21 18:51:17 INFO  Action:42 - 401359263: Illustrator activated to load file..
2020-04-21 18:51:32 INFO  Action:48 - 401359263: AI file and other dependend file opening..
2020-04-21 18:53:38 INFO  Action:80 - 401359263: TyphoonShadow called
2020-04-21 18:53:42 INFO  Action:208 - 401359263: Pdf and xml generated..
2020-04-21 18:53:51 INFO  Action:217 - 401359263: Completed process for job id  '007a9aeb-b687-4393-997d-a488029ece1b' 
2020-04-21 18:53:52 INFO  Action:550 - 401359263: Before calling update to server post method
2020-04-21 18:53:52 ERROR Action:591 - 401359263: XML compare API response : 500
2020-04-21 18:53:52 INFO  Action:221 - 401359263: Xml comparision completed..
2020-04-21 19:10:30 ERROR JsonParser:172 - 401359263: Invalid Key value search 'aaw, MasterTemplate'  null
2020-04-21 19:10:31 INFO  Action:512 - 401359263: Message received acknowledgement for job id  'c3a9da60-e9a5-4ec2-818d-4cbbd5cc188a' 
2020-04-21 19:10:31 INFO  Action:42 - 401359263: Illustrator activated to load file..
2020-04-21 19:10:46 INFO  Action:48 - 401359263: AI file and other dependend file opening..
2020-04-21 19:15:52 INFO  Action:80 - 401359263: TyphoonShadow called
2020-04-21 19:16:03 INFO  MQRcv:78 - TestRR:TestRRDivision
2020-04-21 19:16:03 INFO  MQRcv:83 -  [*] Waiting for messages. To exit press CTRL+C
2020-04-21 19:18:17 ERROR JsonParser:172 - 401359263: Invalid Key value search 'aaw, MasterTemplate'  null
2020-04-21 19:18:18 INFO  Action:512 - 401359263: Message received acknowledgement for job id  '4f1c8a94-161c-4d69-8805-0cec29efca76' 
2020-04-21 19:18:21 INFO  Action:42 - 401359263: Illustrator activated to load file..
2020-04-21 19:18:36 INFO  Action:48 - 401359263: AI file and other dependend file opening..
2020-04-21 19:22:43 INFO  MQRcv:78 - TestRR:TestRRDivision
2020-04-21 19:22:43 INFO  MQRcv:83 -  [*] Waiting for messages. To exit press CTRL+C
2020-04-21 19:25:45 ERROR JsonParser:172 - 401359263: Invalid Key value search 'aaw, MasterTemplate'  null
2020-04-21 19:25:46 INFO  Action:512 - 401359263: Message received acknowledgement for job id  '8b4b925c-0020-4036-8cf3-5e7aaa72725b' 
2020-04-21 19:25:46 INFO  Action:42 - 401359263: Illustrator activated to load file..
2020-04-21 19:26:02 INFO  Action:48 - 401359263: AI file and other dependend file opening..
2020-04-21 19:28:11 INFO  Action:80 - 401359263: TyphoonShadow called
2020-04-21 19:28:15 INFO  Action:208 - 401359263: Pdf and xml generated..
2020-04-21 19:28:24 INFO  Action:217 - 401359263: Completed process for job id  '8b4b925c-0020-4036-8cf3-5e7aaa72725b' 
2020-04-21 19:28:25 INFO  Action:550 - 401359263: Before calling update to server post method
2020-04-21 19:28:25 ERROR Action:591 - 401359263: XML compare API response : 500
2020-04-21 19:28:25 INFO  Action:221 - 401359263: Xml comparision completed..
2020-04-21 19:35:07 INFO  MQRcv:78 - TestRR:TestRRDivision
2020-04-21 19:35:07 INFO  MQRcv:83 -  [*] Waiting for messages. To exit press CTRL+C
2020-04-21 19:35:50 ERROR JsonParser:172 - 401359263: Invalid Key value search 'aaw, MasterTemplate'  null
2020-04-21 19:35:50 INFO  Action:512 - 401359263: Message received acknowledgement for job id  'f41c5ea9-7854-46a8-b03f-deb1b00caa2d' 
2020-04-21 19:35:51 INFO  Action:42 - 401359263: Illustrator activated to load file..
2020-04-21 19:36:05 INFO  Action:48 - 401359263: AI file and other dependend file opening..
2020-04-21 19:40:40 INFO  MQRcv:78 - TestRR:TestRRDivision
2020-04-21 19:40:40 INFO  MQRcv:83 -  [*] Waiting for messages. To exit press CTRL+C
2020-04-21 19:40:40 ERROR JsonParser:172 - 401359263: Invalid Key value search 'aaw, MasterTemplate'  null
2020-04-21 19:40:41 INFO  Action:512 - 401359263: Message received acknowledgement for job id  'a10d52cf-9954-4f0e-ac38-272266eaea7e' 
2020-04-21 19:40:41 INFO  Action:42 - 401359263: Illustrator activated to load file..
2020-04-21 19:40:56 INFO  Action:48 - 401359263: AI file and other dependend file opening..
2020-04-21 19:48:10 INFO  MQRcv:78 - TestRR:TestRRDivision
2020-04-21 19:48:10 INFO  MQRcv:83 -  [*] Waiting for messages. To exit press CTRL+C
2020-04-21 19:48:10 ERROR JsonParser:172 - 401359263: Invalid Key value search 'aaw, MasterTemplate'  null
2020-04-21 19:48:11 INFO  Action:512 - 401359263: Message received acknowledgement for job id  '939381dd-81bc-434d-9411-d88d4ec1b9d0' 
2020-04-21 19:48:11 INFO  Action:42 - 401359263: Illustrator activated to load file..
2020-04-21 19:48:25 INFO  Action:48 - 401359263: AI file and other dependend file opening..
2020-04-21 19:56:21 INFO  MQRcv:78 - TestRR:TestRRDivision
2020-04-21 19:56:21 INFO  MQRcv:83 -  [*] Waiting for messages. To exit press CTRL+C
2020-04-21 19:56:27 ERROR JsonParser:172 - 401359263: Invalid Key value search 'aaw, MasterTemplate'  null
2020-04-21 19:56:28 INFO  Action:512 - 401359263: Message received acknowledgement for job id  '90d9c571-1403-4921-a45e-c719e2cb92c5' 
2020-04-21 19:56:28 INFO  Action:42 - 401359263: Illustrator activated to load file..
2020-04-21 19:56:36 INFO  Action:48 - 401359263: AI file and other dependend file opening..
2020-04-21 19:56:39 INFO  Action:80 - 401359263: TyphoonShadow called
2020-04-21 19:56:42 INFO  Action:208 - 401359263: Pdf and xml generated..
2020-04-21 19:56:50 INFO  Action:217 - 401359263: Completed process for job id  '90d9c571-1403-4921-a45e-c719e2cb92c5' 
2020-04-21 19:56:51 INFO  Action:550 - 401359263: Before calling update to server post method
2020-04-21 19:56:51 ERROR Action:591 - 401359263: XML compare API response : 500
2020-04-21 19:56:51 INFO  Action:221 - 401359263: Xml comparision completed..
2020-04-21 20:07:42 ERROR JsonParser:172 - 401359263: Invalid Key value search 'aaw, MasterTemplate'  null
2020-04-21 20:07:43 INFO  Action:512 - 401359263: Message received acknowledgement for job id  'e1ffc2c2-0079-412c-a69f-a3181e43d3dc' 
2020-04-21 20:07:43 INFO  Action:42 - 401359263: Illustrator activated to load file..
2020-04-21 20:07:58 INFO  Action:48 - 401359263: AI file and other dependend file opening..
2020-04-21 20:08:26 INFO  Action:80 - 401359263: TyphoonShadow called
2020-04-21 20:08:30 INFO  Action:208 - 401359263: Pdf and xml generated..
2020-04-21 20:08:38 INFO  Action:217 - 401359263: Completed process for job id  'e1ffc2c2-0079-412c-a69f-a3181e43d3dc' 
2020-04-21 20:08:39 INFO  Action:550 - 401359263: Before calling update to server post method
2020-04-21 20:08:40 ERROR Action:591 - 401359263: XML compare API response : 500
2020-04-21 20:08:40 INFO  Action:221 - 401359263: Xml comparision completed..
2020-04-21 20:09:19 ERROR JsonParser:172 - 401359263: Invalid Key value search 'aaw, MasterTemplate'  null
2020-04-21 20:09:19 INFO  Action:512 - 401359263: Message received acknowledgement for job id  '69c7286e-bb1d-4703-9ca9-ea6b84d6a82a' 
2020-04-21 20:09:19 INFO  Action:42 - 401359263: Illustrator activated to load file..
2020-04-21 20:09:27 INFO  Action:48 - 401359263: AI file and other dependend file opening..
2020-04-21 20:09:29 INFO  Action:80 - 401359263: TyphoonShadow called
2020-04-21 20:09:32 INFO  Action:208 - 401359263: Pdf and xml generated..
2020-04-21 20:09:41 INFO  Action:217 - 401359263: Completed process for job id  '69c7286e-bb1d-4703-9ca9-ea6b84d6a82a' 
2020-04-21 20:09:42 INFO  Action:550 - 401359263: Before calling update to server post method
2020-04-21 20:09:42 ERROR Action:591 - 401359263: XML compare API response : 500
2020-04-21 20:09:42 INFO  Action:221 - 401359263: Xml comparision completed..
2020-04-21 20:11:42 ERROR JsonParser:172 - 401359263: Invalid Key value search 'aaw, MasterTemplate'  null
2020-04-21 20:11:43 INFO  Action:512 - 401359263: Message received acknowledgement for job id  '7069ea35-1e46-4d9d-b50d-8d7d5a03aa6b' 
2020-04-21 20:11:43 INFO  Action:42 - 401359263: Illustrator activated to load file..
2020-04-21 20:11:57 INFO  Action:48 - 401359263: AI file and other dependend file opening..
2020-04-21 20:12:00 INFO  Action:80 - 401359263: TyphoonShadow called
2020-04-21 20:12:03 INFO  Action:208 - 401359263: Pdf and xml generated..
2020-04-21 20:12:12 INFO  Action:217 - 401359263: Completed process for job id  '7069ea35-1e46-4d9d-b50d-8d7d5a03aa6b' 
2020-04-21 20:12:13 INFO  Action:550 - 401359263: Before calling update to server post method
2020-04-21 20:12:13 ERROR Action:591 - 401359263: XML compare API response : 500
2020-04-21 20:12:13 INFO  Action:221 - 401359263: Xml comparision completed..
2020-04-21 20:14:31 ERROR JsonParser:172 - 401359263: Invalid Key value search 'aaw, MasterTemplate'  null
2020-04-21 20:14:31 INFO  Action:512 - 401359263: Message received acknowledgement for job id  '62e2ed8f-1e38-4467-a884-7ac747ca9c1c' 
2020-04-21 20:14:31 INFO  Action:42 - 401359263: Illustrator activated to load file..
2020-04-21 20:14:46 INFO  Action:48 - 401359263: AI file and other dependend file opening..
2020-04-21 20:14:48 INFO  Action:80 - 401359263: TyphoonShadow called
2020-04-21 20:14:52 INFO  Action:208 - 401359263: Pdf and xml generated..
2020-04-21 20:15:01 INFO  Action:217 - 401359263: Completed process for job id  '62e2ed8f-1e38-4467-a884-7ac747ca9c1c' 
2020-04-21 20:15:02 INFO  Action:550 - 401359263: Before calling update to server post method
2020-04-21 20:15:02 ERROR Action:591 - 401359263: XML compare API response : 500
2020-04-21 20:15:02 INFO  Action:221 - 401359263: Xml comparision completed..
2020-04-21 20:15:33 ERROR JsonParser:172 - 401359263: Invalid Key value search 'aaw, MasterTemplate'  null
2020-04-21 20:15:33 INFO  Action:512 - 401359263: Message received acknowledgement for job id  'ad0b4211-32f6-495c-955a-90b365496b79' 
2020-04-21 20:15:33 INFO  Action:42 - 401359263: Illustrator activated to load file..
2020-04-21 20:15:41 INFO  Action:48 - 401359263: AI file and other dependend file opening..
2020-04-21 20:16:06 INFO  Action:80 - 401359263: TyphoonShadow called
2020-04-21 20:16:09 INFO  Action:208 - 401359263: Pdf and xml generated..
2020-04-21 20:16:17 INFO  Action:217 - 401359263: Completed process for job id  'ad0b4211-32f6-495c-955a-90b365496b79' 
2020-04-21 20:16:18 INFO  Action:550 - 401359263: Before calling update to server post method
2020-04-21 20:16:18 ERROR Action:591 - 401359263: XML compare API response : 500
2020-04-21 20:16:18 INFO  Action:221 - 401359263: Xml comparision completed..
2020-04-21 20:18:12 ERROR JsonParser:172 - 401359263: Invalid Key value search 'aaw, MasterTemplate'  null
2020-04-21 20:18:12 INFO  Action:512 - 401359263: Message received acknowledgement for job id  '8ea8c38e-7fb3-41f2-baf0-a3eba770fbf1' 
2020-04-21 20:18:12 INFO  Action:42 - 401359263: Illustrator activated to load file..
2020-04-21 20:18:20 INFO  Action:48 - 401359263: AI file and other dependend file opening..
2020-04-21 20:18:23 INFO  Action:80 - 401359263: TyphoonShadow called
2020-04-21 20:18:25 INFO  Action:208 - 401359263: Pdf and xml generated..
2020-04-21 20:18:33 INFO  Action:217 - 401359263: Completed process for job id  '8ea8c38e-7fb3-41f2-baf0-a3eba770fbf1' 
2020-04-21 20:18:34 INFO  Action:550 - 401359263: Before calling update to server post method
2020-04-21 20:18:35 ERROR Action:591 - 401359263: XML compare API response : 500
2020-04-21 20:18:35 INFO  Action:221 - 401359263: Xml comparision completed..
2020-04-22 12:07:54 INFO  MQRcv:78 - TestRR:TestRRDivision
2020-04-22 12:07:54 INFO  MQRcv:83 -  [*] Waiting for messages. To exit press CTRL+C
2020-04-22 12:10:07 ERROR JsonParser:172 - 401359263: Invalid Key value search 'aaw, MasterTemplate'  null
2020-04-22 12:10:08 INFO  Action:565 - 401359263: Message received acknowledgement for job id  '7a4bbded-0b98-4328-a71e-d2390e7ae4b5' 
2020-04-22 12:10:12 INFO  Action:42 - 401359263: Illustrator activated to load file..
2020-04-22 12:10:27 INFO  Action:48 - 401359263: AI file and other dependend file opening..
2020-04-22 12:10:30 INFO  Action:80 - 401359263: TyphoonShadow called
2020-04-22 12:10:41 INFO  Action:261 - 401359263: Pdf and xml generated..
2020-04-22 12:10:50 INFO  Action:270 - 401359263: Completed process for job id  '7a4bbded-0b98-4328-a71e-d2390e7ae4b5' 
2020-04-22 12:10:51 INFO  Action:603 - 401359263: Before calling update to server post method
2020-04-22 12:10:52 ERROR Action:644 - 401359263: XML compare API response : 500
2020-04-22 12:10:52 INFO  Action:274 - 401359263: Xml comparision completed..
2020-04-22 12:35:43 INFO  MQRcv:78 - TestRR:TestRRDivision
2020-04-22 12:35:43 INFO  MQRcv:83 -  [*] Waiting for messages. To exit press CTRL+C
2020-04-22 12:36:17 ERROR JsonParser:172 - 401359263: Invalid Key value search 'aaw, MasterTemplate'  null
2020-04-22 12:36:17 INFO  Action:565 - 401359263: Message received acknowledgement for job id  '3ee66970-9e90-47eb-8230-66a536e9b0b2' 
2020-04-22 12:36:19 INFO  Action:42 - 401359263: Illustrator activated to load file..
2020-04-22 12:36:59 INFO  Action:48 - 401359263: AI file and other dependend file opening..
2020-04-22 12:37:02 INFO  Action:80 - 401359263: TyphoonShadow called
2020-04-22 12:37:40 INFO  Action:261 - 401359263: Pdf and xml generated..
2020-04-22 12:37:49 INFO  Action:270 - 401359263: Completed process for job id  '3ee66970-9e90-47eb-8230-66a536e9b0b2' 
2020-04-22 12:37:50 INFO  Action:603 - 401359263: Before calling update to server post method
2020-04-22 12:37:50 ERROR Action:644 - 401359263: XML compare API response : 500
2020-04-22 12:37:50 INFO  Action:274 - 401359263: Xml comparision completed..
2020-04-23 14:43:10 INFO  MQRcv:78 - TestRR:TestRRDivision
2020-04-23 14:43:11 INFO  MQRcv:83 -  [*] Waiting for messages. To exit press CTRL+C
2020-04-23 14:43:25 ERROR JsonParser:172 - 401359263: Invalid Key value search 'aaw, MasterTemplate'  null
2020-04-23 14:43:25 INFO  Action:565 - 401359263: Message received acknowledgement for job id  '57856be2-8fae-49ac-9cf2-75f9bb9f3331' 
2020-04-23 14:43:27 INFO  Action:42 - 401359263: Illustrator activated to load file..
2020-04-23 14:44:08 INFO  Action:48 - 401359263: AI file and other dependend file opening..
2020-04-23 14:44:14 INFO  Action:80 - 401359263: TyphoonShadow called
2020-04-23 14:44:14 INFO  Action:261 - 401359263: Pdf and xml generated..
2020-04-23 14:44:22 INFO  Action:270 - 401359263: Completed process for job id  '57856be2-8fae-49ac-9cf2-75f9bb9f3331' 
2020-04-23 14:44:23 INFO  Action:603 - 401359263: Before calling update to server post method
2020-04-23 14:44:24 ERROR Action:644 - 401359263: XML compare API response : 500
2020-04-23 14:44:24 INFO  Action:274 - 401359263: Xml comparision completed..
2020-04-23 14:45:14 ERROR JsonParser:172 - 401359263: Invalid Key value search 'aaw, MasterTemplate'  null
2020-04-23 14:45:14 INFO  Action:565 - 401359263: Message received acknowledgement for job id  'f28cfeb7-ee38-4dd1-956c-28e3629dbdfd' 
2020-04-23 14:45:14 INFO  Action:42 - 401359263: Illustrator activated to load file..
2020-04-23 14:45:47 INFO  Action:48 - 401359263: AI file and other dependend file opening..
2020-04-23 14:45:52 INFO  Action:80 - 401359263: TyphoonShadow called
2020-04-23 14:45:52 INFO  Action:261 - 401359263: Pdf and xml generated..
2020-04-23 14:46:00 INFO  Action:270 - 401359263: Completed process for job id  'f28cfeb7-ee38-4dd1-956c-28e3629dbdfd' 
2020-04-23 14:46:01 INFO  Action:603 - 401359263: Before calling update to server post method
2020-04-23 14:46:02 ERROR Action:644 - 401359263: XML compare API response : 500
2020-04-23 14:46:02 INFO  Action:274 - 401359263: Xml comparision completed..
2020-04-23 18:06:30 INFO  MQRcv:78 - TestRR:TestRRDivision
2020-04-23 18:06:31 INFO  MQRcv:83 -  [*] Waiting for messages. To exit press CTRL+C
2020-04-23 18:08:58 ERROR JsonParser:172 - 401359263: Invalid Key value search 'aaw, MasterTemplate'  null
2020-04-23 18:08:59 INFO  Action:565 - 401359263: Message received acknowledgement for job id  '635fddf7-33ef-4bbc-8f0c-805a4dc05f84' 
2020-04-23 18:09:01 INFO  Action:42 - 401359263: Illustrator activated to load file..
2020-04-23 18:09:11 INFO  Action:48 - 401359263: AI file and other dependend file opening..
2020-04-23 18:09:16 INFO  Action:80 - 401359263: TyphoonShadow called
2020-04-23 18:09:16 INFO  Action:261 - 401359263: Pdf and xml generated..
2020-04-23 18:09:24 INFO  Action:270 - 401359263: Completed process for job id  '635fddf7-33ef-4bbc-8f0c-805a4dc05f84' 
2020-04-23 18:09:25 INFO  Action:603 - 401359263: Before calling update to server post method
2020-04-23 18:09:26 ERROR Action:644 - 401359263: XML compare API response : 500
2020-04-23 18:09:26 INFO  Action:274 - 401359263: Xml comparision completed..
2020-04-23 18:11:58 INFO  MQRcv:78 - TestRR:TestRRDivision
2020-04-23 18:11:58 INFO  MQRcv:83 -  [*] Waiting for messages. To exit press CTRL+C
2020-04-23 18:12:03 ERROR JsonParser:172 - 401359263: Invalid Key value search 'aaw, MasterTemplate'  null
2020-04-23 18:12:04 INFO  Action:565 - 401359263: Message received acknowledgement for job id  'c5232dc7-2557-4f77-9e22-aef91404413c' 
2020-04-23 18:12:05 INFO  Action:42 - 401359263: Illustrator activated to load file..
2020-04-23 18:12:14 INFO  Action:48 - 401359263: AI file and other dependend file opening..
2020-04-23 18:12:19 INFO  Action:80 - 401359263: TyphoonShadow called
2020-04-23 18:12:34 INFO  Action:261 - 401359263: Pdf and xml generated..
2020-04-23 18:12:42 INFO  Action:270 - 401359263: Completed process for job id  'c5232dc7-2557-4f77-9e22-aef91404413c' 
2020-04-23 18:12:43 INFO  Action:603 - 401359263: Before calling update to server post method
2020-04-23 18:12:44 ERROR Action:644 - 401359263: XML compare API response : 500
2020-04-23 18:12:44 INFO  Action:274 - 401359263: Xml comparision completed..
2020-04-23 18:13:55 INFO  MQRcv:78 - TestRR:TestRRDivision
2020-04-23 18:13:56 INFO  MQRcv:83 -  [*] Waiting for messages. To exit press CTRL+C
2020-04-23 18:14:00 ERROR JsonParser:172 - 401359263: Invalid Key value search 'aaw, MasterTemplate'  null
2020-04-23 18:14:01 INFO  Action:565 - 401359263: Message received acknowledgement for job id  'fdb8d45e-e857-4d0b-bc30-006e512631e4' 
2020-04-23 18:14:02 INFO  Action:42 - 401359263: Illustrator activated to load file..
2020-04-23 18:14:11 INFO  Action:48 - 401359263: AI file and other dependend file opening..
2020-04-23 18:14:16 INFO  Action:80 - 401359263: TyphoonShadow called
2020-04-23 18:20:43 INFO  MQRcv:78 - TestRR:TestRRDivision
2020-04-23 18:20:43 INFO  MQRcv:83 -  [*] Waiting for messages. To exit press CTRL+C
2020-04-23 18:20:46 ERROR JsonParser:172 - 401359263: Invalid Key value search 'aaw, MasterTemplate'  null
2020-04-23 18:20:46 INFO  Action:565 - 401359263: Message received acknowledgement for job id  '1d02c985-ce6c-4a72-a75a-e6f15e6934e2' 
2020-04-23 18:20:47 INFO  Action:42 - 401359263: Illustrator activated to load file..
2020-04-23 18:20:55 INFO  Action:48 - 401359263: AI file and other dependend file opening..
2020-04-23 18:21:01 INFO  Action:80 - 401359263: TyphoonShadow called
2020-04-23 18:21:15 INFO  Action:261 - 401359263: Pdf and xml generated..
2020-04-23 18:21:23 INFO  Action:270 - 401359263: Completed process for job id  '1d02c985-ce6c-4a72-a75a-e6f15e6934e2' 
2020-04-23 18:21:24 INFO  Action:603 - 401359263: Before calling update to server post method
2020-04-23 18:21:25 ERROR Action:644 - 401359263: XML compare API response : 500
2020-04-23 18:21:25 INFO  Action:274 - 401359263: Xml comparision completed..
2020-04-23 18:22:07 ERROR JsonParser:172 - 401359263: Invalid Key value search 'aaw, MasterTemplate'  null
2020-04-23 18:22:07 INFO  Action:565 - 401359263: Message received acknowledgement for job id  '3f08ebfc-8036-4edd-b090-a94d192a64c7' 
2020-04-23 18:22:07 INFO  Action:42 - 401359263: Illustrator activated to load file..
2020-04-23 18:22:16 INFO  Action:48 - 401359263: AI file and other dependend file opening..
2020-04-23 18:22:21 INFO  Action:80 - 401359263: TyphoonShadow called
2020-04-23 18:22:34 INFO  Action:261 - 401359263: Pdf and xml generated..
2020-04-23 18:22:43 INFO  Action:270 - 401359263: Completed process for job id  '3f08ebfc-8036-4edd-b090-a94d192a64c7' 
2020-04-23 18:22:44 INFO  Action:603 - 401359263: Before calling update to server post method
2020-04-23 18:22:44 ERROR Action:644 - 401359263: XML compare API response : 500
2020-04-23 18:22:44 INFO  Action:274 - 401359263: Xml comparision completed..
2020-04-23 18:23:57 INFO  MQRcv:78 - TestRR:TestRRDivision
2020-04-23 18:23:57 INFO  MQRcv:83 -  [*] Waiting for messages. To exit press CTRL+C
2020-04-23 18:24:01 ERROR JsonParser:172 - 401359263: Invalid Key value search 'aaw, MasterTemplate'  null
2020-04-23 18:24:02 INFO  Action:566 - 401359263: Message received acknowledgement for job id  '90b0494b-4b0f-44ed-8d94-0f5cd208bbe8' 
2020-04-23 18:24:03 INFO  Action:42 - 401359263: Illustrator activated to load file..
2020-04-23 18:24:11 INFO  Action:48 - 401359263: AI file and other dependend file opening..
2020-04-23 18:24:17 INFO  Action:80 - 401359263: TyphoonShadow called
2020-04-23 18:24:30 INFO  Action:262 - 401359263: Pdf and xml generated..
2020-04-23 18:24:39 INFO  Action:271 - 401359263: Completed process for job id  '90b0494b-4b0f-44ed-8d94-0f5cd208bbe8' 
2020-04-23 18:24:40 INFO  Action:604 - 401359263: Before calling update to server post method
2020-04-23 18:24:40 ERROR Action:645 - 401359263: XML compare API response : 500
2020-04-23 18:24:40 INFO  Action:275 - 401359263: Xml comparision completed..
2020-04-23 18:58:01 INFO  MQRcv:78 - TestRR:TestRRDivision
2020-04-23 18:58:01 INFO  MQRcv:83 -  [*] Waiting for messages. To exit press CTRL+C
2020-04-23 18:58:12 ERROR JsonParser:172 - 401359263: Invalid Key value search 'aaw, MasterTemplate'  null
2020-04-23 18:58:13 INFO  Action:565 - 401359263: Message received acknowledgement for job id  '24277193-b9e1-43d0-ad6f-b3e7605edf75' 
2020-04-23 18:58:15 INFO  Action:42 - 401359263: Illustrator activated to load file..
2020-04-23 18:58:24 INFO  Action:48 - 401359263: AI file and other dependend file opening..
2020-04-23 18:58:26 INFO  Action:80 - 401359263: TyphoonShadow called
2020-04-23 18:58:37 INFO  Action:261 - 401359263: Pdf and xml generated..
2020-04-23 18:58:45 INFO  Action:270 - 401359263: Completed process for job id  '24277193-b9e1-43d0-ad6f-b3e7605edf75' 
2020-04-23 18:58:46 INFO  Action:603 - 401359263: Before calling update to server post method
2020-04-23 18:58:47 ERROR Action:644 - 401359263: XML compare API response : 500
2020-04-23 18:58:47 INFO  Action:274 - 401359263: Xml comparision completed..
2020-04-23 18:59:08 ERROR JsonParser:172 - 401359263: Invalid Key value search 'aaw, MasterTemplate'  null
2020-04-23 18:59:08 INFO  Action:565 - 401359263: Message received acknowledgement for job id  'e927b061-dcfc-4549-87a1-57cf13d3ca89' 
2020-04-23 18:59:08 INFO  Action:42 - 401359263: Illustrator activated to load file..
2020-04-23 18:59:16 INFO  Action:48 - 401359263: AI file and other dependend file opening..
2020-04-23 18:59:22 INFO  Action:80 - 401359263: TyphoonShadow called
2020-04-23 18:59:36 INFO  Action:261 - 401359263: Pdf and xml generated..
2020-04-23 18:59:45 INFO  Action:270 - 401359263: Completed process for job id  'e927b061-dcfc-4549-87a1-57cf13d3ca89' 
2020-04-23 18:59:46 INFO  Action:603 - 401359263: Before calling update to server post method
2020-04-23 18:59:46 ERROR Action:644 - 401359263: XML compare API response : 500
2020-04-23 18:59:46 INFO  Action:274 - 401359263: Xml comparision completed..
2020-04-23 19:00:08 ERROR JsonParser:172 - 401359263: Invalid Key value search 'aaw, MasterTemplate'  null
2020-04-23 19:00:08 INFO  Action:565 - 401359263: Message received acknowledgement for job id  '60b9f7bb-965a-4028-b8c4-bd9865202942' 
2020-04-23 19:00:08 INFO  Action:42 - 401359263: Illustrator activated to load file..
2020-04-23 19:00:17 INFO  Action:48 - 401359263: AI file and other dependend file opening..
2020-04-23 19:00:23 INFO  Action:80 - 401359263: TyphoonShadow called
2020-04-23 19:00:36 INFO  Action:261 - 401359263: Pdf and xml generated..
2020-04-23 19:00:45 INFO  Action:270 - 401359263: Completed process for job id  '60b9f7bb-965a-4028-b8c4-bd9865202942' 
2020-04-23 19:00:46 INFO  Action:603 - 401359263: Before calling update to server post method
2020-04-23 19:00:46 ERROR Action:644 - 401359263: XML compare API response : 500
2020-04-23 19:00:46 INFO  Action:274 - 401359263: Xml comparision completed..
2020-04-23 19:01:37 ERROR JsonParser:172 - 401359263: Invalid Key value search 'aaw, MasterTemplate'  null
2020-04-23 19:01:37 INFO  Action:565 - 401359263: Message received acknowledgement for job id  '416e7843-b876-45cc-9ef6-f048f54224bd' 
2020-04-23 19:01:37 INFO  Action:42 - 401359263: Illustrator activated to load file..
2020-04-23 19:01:50 INFO  Action:48 - 401359263: AI file and other dependend file opening..
2020-04-23 19:01:56 INFO  Action:80 - 401359263: TyphoonShadow called
2020-04-23 19:02:10 INFO  Action:261 - 401359263: Pdf and xml generated..
2020-04-23 19:02:18 INFO  Action:270 - 401359263: Completed process for job id  '416e7843-b876-45cc-9ef6-f048f54224bd' 
2020-04-23 19:02:19 INFO  Action:603 - 401359263: Before calling update to server post method
2020-04-23 19:02:19 ERROR Action:644 - 401359263: XML compare API response : 500
2020-04-23 19:02:19 INFO  Action:274 - 401359263: Xml comparision completed..
2020-04-23 19:02:40 ERROR JsonParser:172 - 401359263: Invalid Key value search 'aaw, MasterTemplate'  null
2020-04-23 19:02:40 INFO  Action:565 - 401359263: Message received acknowledgement for job id  'de11f3a2-b06c-42d8-a698-eec165eadaed' 
2020-04-23 19:02:40 INFO  Action:42 - 401359263: Illustrator activated to load file..
2020-04-23 19:02:48 INFO  Action:48 - 401359263: AI file and other dependend file opening..
2020-04-23 19:02:54 INFO  Action:80 - 401359263: TyphoonShadow called
2020-04-23 19:03:09 INFO  Action:261 - 401359263: Pdf and xml generated..
2020-04-23 19:03:17 INFO  Action:270 - 401359263: Completed process for job id  'de11f3a2-b06c-42d8-a698-eec165eadaed' 
2020-04-23 19:03:18 INFO  Action:603 - 401359263: Before calling update to server post method
2020-04-23 19:03:18 ERROR Action:644 - 401359263: XML compare API response : 500
2020-04-23 19:03:18 INFO  Action:274 - 401359263: Xml comparision completed..
2020-04-24 14:46:29 INFO  MQRcv:78 - TestRR:TestRRDivision
2020-04-24 14:46:29 INFO  MQRcv:83 -  [*] Waiting for messages. To exit press CTRL+C
2020-04-24 14:47:32 ERROR JsonParser:172 - 401359263: Invalid Key value search 'aaw, MasterTemplate'  null
2020-04-24 14:47:33 INFO  Action:565 - 401359263: Message received acknowledgement for job id  '2f2ca432-0ee4-4081-b0c1-ee046c7a1bdc' 
2020-04-24 14:47:35 INFO  Action:42 - 401359263: Illustrator activated to load file..
2020-04-24 14:47:45 INFO  Action:48 - 401359263: AI file and other dependend file opening..
2020-04-24 14:47:59 INFO  Action:80 - 401359263: TyphoonShadow called
2020-04-24 14:48:20 INFO  Action:261 - 401359263: Pdf and xml generated..
2020-04-24 14:48:29 INFO  Action:270 - 401359263: Completed process for job id  '2f2ca432-0ee4-4081-b0c1-ee046c7a1bdc' 
2020-04-24 14:48:30 INFO  Action:603 - 401359263: Before calling update to server post method
2020-04-24 14:48:30 ERROR Action:644 - 401359263: XML compare API response : 500
2020-04-24 14:48:30 INFO  Action:274 - 401359263: Xml comparision completed..
2020-04-24 14:50:45 ERROR JsonParser:172 - 401359263: Invalid Key value search 'aaw, MasterTemplate'  null
2020-04-24 14:50:45 INFO  Action:565 - 401359263: Message received acknowledgement for job id  '267a8297-0ab8-4cf4-8e77-90368a1a9990' 
2020-04-24 14:50:46 INFO  Action:42 - 401359263: Illustrator activated to load file..
2020-04-24 14:50:55 INFO  Action:48 - 401359263: AI file and other dependend file opening..
2020-04-24 14:51:01 INFO  Action:80 - 401359263: TyphoonShadow called
2020-04-24 14:51:15 INFO  Action:261 - 401359263: Pdf and xml generated..
2020-04-24 14:51:24 INFO  Action:270 - 401359263: Completed process for job id  '267a8297-0ab8-4cf4-8e77-90368a1a9990' 
2020-04-24 14:51:25 INFO  Action:603 - 401359263: Before calling update to server post method
2020-04-24 14:51:25 ERROR Action:644 - 401359263: XML compare API response : 500
2020-04-24 14:51:25 INFO  Action:274 - 401359263: Xml comparision completed..
2020-04-24 14:55:38 ERROR JsonParser:172 - 401359263: Invalid Key value search 'aaw, MasterTemplate'  null
2020-04-24 14:55:38 INFO  Action:565 - 401359263: Message received acknowledgement for job id  'b2590cc6-e5f4-46e9-aa77-541764a86f4c' 
2020-04-24 14:55:39 INFO  Action:42 - 401359263: Illustrator activated to load file..
2020-04-24 14:55:48 INFO  Action:48 - 401359263: AI file and other dependend file opening..
2020-04-24 14:55:55 INFO  Action:80 - 401359263: TyphoonShadow called
2020-04-24 14:56:09 INFO  Action:261 - 401359263: Pdf and xml generated..
2020-04-24 14:56:18 INFO  Action:270 - 401359263: Completed process for job id  'b2590cc6-e5f4-46e9-aa77-541764a86f4c' 
2020-04-24 14:56:19 INFO  Action:603 - 401359263: Before calling update to server post method
2020-04-24 14:56:19 ERROR Action:644 - 401359263: XML compare API response : 500
2020-04-24 14:56:19 INFO  Action:274 - 401359263: Xml comparision completed..
2020-04-24 14:59:20 ERROR JsonParser:172 - 401359263: Invalid Key value search 'aaw, MasterTemplate'  null
2020-04-24 14:59:20 INFO  Action:565 - 401359263: Message received acknowledgement for job id  'eb0d772c-2aae-4923-8ca3-b5c1b0064064' 
2020-04-24 14:59:21 INFO  Action:42 - 401359263: Illustrator activated to load file..
2020-04-24 14:59:30 INFO  Action:48 - 401359263: AI file and other dependend file opening..
2020-04-24 14:59:36 INFO  Action:80 - 401359263: TyphoonShadow called
2020-04-24 14:59:52 INFO  Action:261 - 401359263: Pdf and xml generated..
2020-04-24 15:00:01 INFO  Action:270 - 401359263: Completed process for job id  'eb0d772c-2aae-4923-8ca3-b5c1b0064064' 
2020-04-24 15:00:02 INFO  Action:603 - 401359263: Before calling update to server post method
2020-04-24 15:00:02 ERROR Action:644 - 401359263: XML compare API response : 500
2020-04-24 15:00:02 INFO  Action:274 - 401359263: Xml comparision completed..
2020-04-24 15:00:40 ERROR JsonParser:172 - 401359263: Invalid Key value search 'aaw, MasterTemplate'  null
2020-04-24 15:00:40 INFO  Action:565 - 401359263: Message received acknowledgement for job id  '09f528d7-c20c-4a9d-ba55-3fc3e0d69cfd' 
2020-04-24 15:00:40 INFO  Action:42 - 401359263: Illustrator activated to load file..
2020-04-24 15:00:51 INFO  Action:48 - 401359263: AI file and other dependend file opening..
2020-04-24 15:00:58 INFO  Action:80 - 401359263: TyphoonShadow called
2020-04-24 15:01:13 INFO  Action:261 - 401359263: Pdf and xml generated..
2020-04-24 15:01:22 INFO  Action:270 - 401359263: Completed process for job id  '09f528d7-c20c-4a9d-ba55-3fc3e0d69cfd' 
2020-04-24 15:01:23 INFO  Action:603 - 401359263: Before calling update to server post method
2020-04-24 15:01:23 ERROR Action:644 - 401359263: XML compare API response : 500
2020-04-24 15:01:23 INFO  Action:274 - 401359263: Xml comparision completed..
2020-04-24 15:01:27 ERROR JsonParser:172 - 401359263: Invalid Key value search 'aaw, MasterTemplate'  null
2020-04-24 15:01:27 INFO  Action:565 - 401359263: Message received acknowledgement for job id  '2ebd0724-a08f-4110-9eaf-461f2e892f10' 
2020-04-24 15:01:27 INFO  Action:42 - 401359263: Illustrator activated to load file..
2020-04-24 15:01:37 INFO  Action:48 - 401359263: AI file and other dependend file opening..
2020-04-24 15:01:43 INFO  Action:80 - 401359263: TyphoonShadow called
2020-04-24 15:01:59 INFO  Action:261 - 401359263: Pdf and xml generated..
2020-04-24 15:02:07 INFO  Action:270 - 401359263: Completed process for job id  '2ebd0724-a08f-4110-9eaf-461f2e892f10' 
2020-04-24 15:02:08 INFO  Action:603 - 401359263: Before calling update to server post method
2020-04-24 15:02:09 ERROR Action:644 - 401359263: XML compare API response : 500
2020-04-24 15:02:09 INFO  Action:274 - 401359263: Xml comparision completed..
2020-04-24 15:05:14 ERROR JsonParser:172 - 401359263: Invalid Key value search 'aaw, MasterTemplate'  null
2020-04-24 15:05:14 INFO  Action:565 - 401359263: Message received acknowledgement for job id  'b43fb7c4-f7eb-4d71-89d9-8812d8168281' 
2020-04-24 15:05:14 INFO  Action:42 - 401359263: Illustrator activated to load file..
2020-04-24 15:05:24 INFO  Action:48 - 401359263: AI file and other dependend file opening..
2020-04-24 15:05:31 INFO  Action:80 - 401359263: TyphoonShadow called
2020-04-24 15:05:46 INFO  Action:261 - 401359263: Pdf and xml generated..
2020-04-24 15:05:55 INFO  Action:270 - 401359263: Completed process for job id  'b43fb7c4-f7eb-4d71-89d9-8812d8168281' 
2020-04-24 15:05:56 INFO  Action:603 - 401359263: Before calling update to server post method
2020-04-24 15:05:56 ERROR Action:644 - 401359263: XML compare API response : 500
2020-04-24 15:05:56 INFO  Action:274 - 401359263: Xml comparision completed..
2020-04-25 13:07:10 INFO  MQRcv:78 - TestRR:TestRRDivision
2020-04-25 13:07:10 INFO  MQRcv:83 -  [*] Waiting for messages. To exit press CTRL+C
2020-04-25 13:07:36 ERROR JsonParser:172 - 401359263: Invalid Key value search 'aaw, MasterTemplate'  null
2020-04-25 13:07:37 INFO  Action:565 - 401359263: Message received acknowledgement for job id  'ea803d17-53bd-4ebc-98e1-55773e80125f' 
2020-04-25 13:07:39 INFO  Action:42 - 401359263: Illustrator activated to load file..
2020-04-25 13:07:48 INFO  Action:48 - 401359263: AI file and other dependend file opening..
2020-04-25 13:07:55 INFO  Action:80 - 401359263: TyphoonShadow called
2020-04-25 13:07:55 INFO  Action:261 - 401359263: Pdf and xml generated..
2020-04-25 13:08:04 INFO  Action:270 - 401359263: Completed process for job id  'ea803d17-53bd-4ebc-98e1-55773e80125f' 
2020-04-25 13:08:05 INFO  Action:603 - 401359263: Before calling update to server post method
2020-04-25 13:08:05 ERROR Action:644 - 401359263: XML compare API response : 500
2020-04-25 13:08:05 INFO  Action:274 - 401359263: Xml comparision completed..
2020-04-25 13:08:50 ERROR JsonParser:172 - 401359263: Invalid Key value search 'aaw, MasterTemplate'  null
2020-04-25 13:08:50 INFO  Action:565 - 401359263: Message received acknowledgement for job id  '9243ee98-d8d2-48dc-bcff-7c1aaa7638f6' 
2020-04-25 13:08:51 INFO  Action:42 - 401359263: Illustrator activated to load file..
2020-04-25 13:08:58 INFO  Action:48 - 401359263: AI file and other dependend file opening..
2020-04-25 13:09:04 INFO  Action:80 - 401359263: TyphoonShadow called
2020-04-25 13:09:19 INFO  Action:261 - 401359263: Pdf and xml generated..
2020-04-25 13:09:27 INFO  Action:270 - 401359263: Completed process for job id  '9243ee98-d8d2-48dc-bcff-7c1aaa7638f6' 
2020-04-25 13:09:28 INFO  Action:603 - 401359263: Before calling update to server post method
2020-04-25 13:09:28 ERROR Action:644 - 401359263: XML compare API response : 500
2020-04-25 13:09:28 INFO  Action:274 - 401359263: Xml comparision completed..
2020-04-25 13:12:46 ERROR JsonParser:172 - 401359263: Invalid Key value search 'aaw, MasterTemplate'  null
2020-04-25 13:12:46 INFO  Action:565 - 401359263: Message received acknowledgement for job id  'c71a43ab-f73f-4586-bd01-9d1be8e7be44' 
2020-04-25 13:12:47 INFO  Action:42 - 401359263: Illustrator activated to load file..
2020-04-25 13:12:55 INFO  Action:48 - 401359263: AI file and other dependend file opening..
2020-04-25 13:13:01 INFO  Action:80 - 401359263: TyphoonShadow called
2020-04-25 13:13:15 INFO  Action:261 - 401359263: Pdf and xml generated..
2020-04-25 13:13:23 INFO  Action:270 - 401359263: Completed process for job id  'c71a43ab-f73f-4586-bd01-9d1be8e7be44' 
2020-04-25 13:13:24 INFO  Action:603 - 401359263: Before calling update to server post method
2020-04-25 13:13:25 ERROR Action:644 - 401359263: XML compare API response : 500
2020-04-25 13:13:25 INFO  Action:274 - 401359263: Xml comparision completed..
2020-04-25 13:14:47 ERROR JsonParser:172 - 401359263: Invalid Key value search 'aaw, MasterTemplate'  null
2020-04-25 13:14:48 INFO  Action:565 - 401359263: Message received acknowledgement for job id  '6db3d68c-16da-4c26-be76-aba518576f3a' 
2020-04-25 13:14:48 INFO  Action:42 - 401359263: Illustrator activated to load file..
2020-04-25 13:14:56 INFO  Action:48 - 401359263: AI file and other dependend file opening..
2020-04-25 13:15:02 INFO  Action:80 - 401359263: TyphoonShadow called
2020-04-25 13:15:16 INFO  Action:261 - 401359263: Pdf and xml generated..
2020-04-25 13:15:25 INFO  Action:270 - 401359263: Completed process for job id  '6db3d68c-16da-4c26-be76-aba518576f3a' 
2020-04-25 13:15:26 INFO  Action:603 - 401359263: Before calling update to server post method
2020-04-25 13:15:26 ERROR Action:644 - 401359263: XML compare API response : 500
2020-04-25 13:15:26 INFO  Action:274 - 401359263: Xml comparision completed..
2020-04-25 13:16:05 ERROR JsonParser:172 - 401359263: Invalid Key value search 'aaw, MasterTemplate'  null
2020-04-25 13:16:05 INFO  Action:565 - 401359263: Message received acknowledgement for job id  '6cd89443-50b2-4f4b-b019-0f8e5ac2bd0f' 
2020-04-25 13:16:05 INFO  Action:42 - 401359263: Illustrator activated to load file..
2020-04-25 13:16:14 INFO  Action:48 - 401359263: AI file and other dependend file opening..
2020-04-25 13:16:20 INFO  Action:80 - 401359263: TyphoonShadow called
2020-04-25 13:16:34 INFO  Action:261 - 401359263: Pdf and xml generated..
2020-04-25 13:16:42 INFO  Action:270 - 401359263: Completed process for job id  '6cd89443-50b2-4f4b-b019-0f8e5ac2bd0f' 
2020-04-25 13:16:43 INFO  Action:603 - 401359263: Before calling update to server post method
2020-04-25 13:16:44 ERROR Action:644 - 401359263: XML compare API response : 500
2020-04-25 13:16:44 INFO  Action:274 - 401359263: Xml comparision completed..
2020-04-25 13:19:46 ERROR JsonParser:172 - 401359263: Invalid Key value search 'aaw, MasterTemplate'  null
2020-04-25 13:19:46 INFO  Action:565 - 401359263: Message received acknowledgement for job id  '01ec9a3f-f1c9-4b84-9f5b-d81c8081e095' 
2020-04-25 13:19:48 INFO  Action:42 - 401359263: Illustrator activated to load file..
2020-04-25 13:19:57 INFO  Action:48 - 401359263: AI file and other dependend file opening..
2020-04-25 13:20:03 INFO  Action:80 - 401359263: TyphoonShadow called
2020-04-25 13:20:17 INFO  Action:261 - 401359263: Pdf and xml generated..
2020-04-25 13:20:25 INFO  Action:270 - 401359263: Completed process for job id  '01ec9a3f-f1c9-4b84-9f5b-d81c8081e095' 
2020-04-25 13:20:26 INFO  Action:603 - 401359263: Before calling update to server post method
2020-04-25 13:20:27 ERROR Action:644 - 401359263: XML compare API response : 500
2020-04-25 13:20:27 INFO  Action:274 - 401359263: Xml comparision completed..
2020-04-27 14:13:29 INFO  MQRcv:78 - TestRR:TestRRDivision
2020-04-27 14:13:30 INFO  MQRcv:83 -  [*] Waiting for messages. To exit press CTRL+C
2020-04-27 14:14:34 ERROR JsonParser:172 - 401359263: Invalid Key value search 'aaw, MasterTemplate'  null
2020-04-27 14:14:35 INFO  Action:651 - 401359263: Message received acknowledgement for job id  '8516685f-d278-4cdb-97b6-77b50aaf5b01' 
2020-04-27 14:14:55 INFO  Action:42 - 401359263: Illustrator activated to load file..
2020-04-27 14:15:05 INFO  Action:48 - 401359263: AI file and other dependend file opening..
2020-04-27 14:15:11 INFO  Action:80 - 401359263: TyphoonShadow called
2020-04-27 14:15:18 INFO  Action:347 - 401359263: Pdf and xml generated..
2020-04-27 14:15:26 INFO  Action:356 - 401359263: Completed process for job id  '8516685f-d278-4cdb-97b6-77b50aaf5b01' 
2020-04-27 14:15:27 INFO  Action:689 - 401359263: Before calling update to server post method
2020-04-27 14:15:28 ERROR Action:730 - 401359263: XML compare API response : 500
2020-04-27 14:15:28 INFO  Action:360 - 401359263: Xml comparision completed..
2020-04-27 14:21:27 ERROR JsonParser:172 - 401359263: Invalid Key value search 'aaw, MasterTemplate'  null
2020-04-27 14:21:27 INFO  Action:651 - 401359263: Message received acknowledgement for job id  'a60c38be-0399-46b9-811b-a4928f2d849d' 
2020-04-27 14:21:28 INFO  Action:42 - 401359263: Illustrator activated to load file..
2020-04-27 14:21:36 INFO  Action:48 - 401359263: AI file and other dependend file opening..
2020-04-27 14:21:41 INFO  Action:80 - 401359263: TyphoonShadow called
2020-04-27 14:21:48 INFO  Action:347 - 401359263: Pdf and xml generated..
2020-04-27 14:21:56 INFO  Action:356 - 401359263: Completed process for job id  'a60c38be-0399-46b9-811b-a4928f2d849d' 
2020-04-27 14:21:57 INFO  Action:689 - 401359263: Before calling update to server post method
2020-04-27 14:21:58 ERROR Action:730 - 401359263: XML compare API response : 500
2020-04-27 14:21:58 INFO  Action:360 - 401359263: Xml comparision completed..
2020-04-27 14:23:11 ERROR JsonParser:172 - 401359263: Invalid Key value search 'aaw, MasterTemplate'  null
2020-04-27 14:23:11 INFO  Action:651 - 401359263: Message received acknowledgement for job id  '39c39185-1541-472d-a2fd-c4e48cc8ccb1' 
2020-04-27 14:23:22 INFO  Action:42 - 401359263: Illustrator activated to load file..
2020-04-27 14:23:31 INFO  Action:48 - 401359263: AI file and other dependend file opening..
2020-04-27 14:23:37 INFO  Action:80 - 401359263: TyphoonShadow called
2020-04-27 14:23:43 INFO  Action:347 - 401359263: Pdf and xml generated..
2020-04-27 14:23:52 INFO  Action:356 - 401359263: Completed process for job id  '39c39185-1541-472d-a2fd-c4e48cc8ccb1' 
2020-04-27 14:23:53 INFO  Action:689 - 401359263: Before calling update to server post method
2020-04-27 14:23:53 ERROR Action:730 - 401359263: XML compare API response : 500
2020-04-27 14:23:53 INFO  Action:360 - 401359263: Xml comparision completed..
2020-04-27 14:24:29 ERROR JsonParser:172 - 401359263: Invalid Key value search 'aaw, MasterTemplate'  null
2020-04-27 14:24:30 INFO  Action:651 - 401359263: Message received acknowledgement for job id  '0ecf9524-5f8c-459b-ac77-cf23288b3cf2' 
2020-04-27 14:24:30 INFO  Action:42 - 401359263: Illustrator activated to load file..
2020-04-27 14:24:38 INFO  Action:48 - 401359263: AI file and other dependend file opening..
2020-04-27 14:24:44 INFO  Action:80 - 401359263: TyphoonShadow called
2020-04-27 14:24:58 INFO  Action:347 - 401359263: Pdf and xml generated..
2020-04-27 14:25:06 INFO  Action:356 - 401359263: Completed process for job id  '0ecf9524-5f8c-459b-ac77-cf23288b3cf2' 
2020-04-27 14:25:07 INFO  Action:689 - 401359263: Before calling update to server post method
2020-04-27 14:25:08 ERROR Action:730 - 401359263: XML compare API response : 500
2020-04-27 14:25:08 INFO  Action:360 - 401359263: Xml comparision completed..
